<?xml version="1.0" encoding="UTF-8"?>
<!-- Generated by org.testng.reporters.JUnitReportReporter -->
<testsuite skipped="0" hostname="AKKYU01-5520" name="com.mobile.appium.NewTest" tests="1" failures="0" timestamp="07 Oct 2018 09:44:20 GMT" time="3.432" errors="0">
  <testcase name="SampleTest" time="3.432" classname="com.mobile.appium.NewTest"/>
</testsuite> <!-- com.mobile.appium.NewTest -->
