<?xml version="1.0" encoding="UTF-8"?>
<!-- Generated by org.testng.reporters.JUnitReportReporter -->
<testsuite skipped="0" hostname="AKKYU01-5520" name="com.mobile.onDevice.massApp2" tests="1" failures="0" timestamp="09 Nov 2018 01:13:53 GMT" time="4.516" errors="0">
  <testcase name="SampleTest" time="4.516" classname="com.mobile.onDevice.massApp2"/>
</testsuite> <!-- com.mobile.onDevice.massApp2 -->
