<?xml version="1.0" encoding="UTF-8"?>
<!-- Generated by org.testng.reporters.JUnitReportReporter -->
<testsuite skipped="0" hostname="AKKYU01-5520" name="com.mobile.onDevice.massApp" tests="1" failures="0" timestamp="08 Nov 2018 01:21:25 GMT" time="15.170" errors="0">
  <testcase name="SampleTest" time="15.170" classname="com.mobile.onDevice.massApp"/>
</testsuite> <!-- com.mobile.onDevice.massApp -->
