<?xml version="1.0" encoding="UTF-8"?>
<!-- Generated by org.testng.reporters.JUnitReportReporter -->
<testsuite skipped="0" hostname="AKKYU01-5520" name="com.mobile.webApp.searchinGoogle" tests="1" failures="0" timestamp="07 Nov 2018 02:19:29 GMT" time="8.421" errors="0">
  <testcase name="SampleTest" time="8.421" classname="com.mobile.webApp.searchinGoogle"/>
</testsuite> <!-- com.mobile.webApp.searchinGoogle -->
