<?xml version="1.0" encoding="UTF-8"?>
<!-- Generated by org.testng.reporters.JUnitReportReporter -->
<testsuite skipped="0" hostname="AKKYU01-5520" name="com.qa.core.ADB" tests="1" failures="0" timestamp="03 Nov 2018 01:30:17 GMT" time="4.164" errors="0">
  <testcase name="test" time="4.164" classname="com.qa.core.ADB"/>
</testsuite> <!-- com.qa.core.ADB -->
